
WARNING:root:nevert: !Cjj,otybt 1
WARNING:root:nevert: !Cjj,otybt 2
WARNING:root:nevert: !Проверяем
WARNING:root:nevert: !По
WARNING:root:nevert: !Порядку
WARNING:root:nevert: !12
WARNING:root:egor5q: !Соре, тест команды
WARNING:root:dedo4ek: !о курва
WARNING:root:nevert: !ВСЕ ОЧЕНЬ ПЛОХО
WARNING:root:EternalFun: !Короч, пес, у меня 8 хп. Это странно, но можно мне конкретно так оставить?
WARNING:root:southparallel: !там что-то сломалось, я не поняла, что
WARNING:root:Balthazar_Hellstrom: !Пошли на носорога втроём, носорог забагался
WARNING:root:Antropophag: !/pios_po4ini
WARNING:root:Cisgender: !Во время игры, в режиме охота на носорога заджойнилось три человека, причем последние два в одним и тот же момент. Игра начала давать бои. Ты пидор.
WARNING:root:EternalFun: !Если создать охоту на собак и начать бой, не заджойнившись - бой как бы начинается, но как бы нет.
ERROR:TeleBot:A request to the Telegram API was unsuccessful. The server returned HTTP 400 Bad Request. Response body:
[b'{"ok":false,"error_code":400,"description":"Bad Request: message is not modified"}']
ERROR:TeleBot:A request to the Telegram API was unsuccessful. The server returned HTTP 403 Forbidden. Response body:
[b'{"ok":false,"error_code":403,"description":"Forbidden: bot was blocked by the user"}']
WARNING:root:Balthazar_Hellstrom: !Начинаем обычную игру, присоединяются три человека, последний не выбирает команду, отменяем игру. В следующей игре нельзя выбрать оружие (не появляется меню)
WARNING:root:ShadeCrawler_YLT: !Не могу сделать ход
WARNING:root:egor5q: !Когда новые игроки пишут /join , не написав перед этим боту в лс, он просто пишет их имя и не просит написать ему в лс.
WARNING:root:t1mk0: !.
WARNING:root:egor5q: !Если присоединятся 3 человека, а онин из них не выберет команду и запустить игру, то эти трое не смогут присоединяться в другие игры до перезапуска боьа
